[0.016s] Invoking command in '/home/ubuntu/perception_ws/build/lesson_perception': CMAKE_PREFIX_PATH=${CMAKE_PREFIX_PATH}:/opt/ros/humble /usr/bin/cmake /home/ubuntu/perception_ws/src/lesson_perception -DCMAKE_INSTALL_PREFIX=/home/ubuntu/perception_ws/install/lesson_perception
[0.075s] -- The C compiler identification is GNU 11.3.0
[0.136s] -- The CXX compiler identification is GNU 11.3.0
[0.144s] -- Detecting C compiler ABI info
[0.214s] -- Detecting C compiler ABI info - done
[0.222s] -- Check for working C compiler: /usr/bin/cc - skipped
[0.222s] -- Detecting C compile features
[0.223s] -- Detecting C compile features - done
[0.226s] -- Detecting CXX compiler ABI info
[0.310s] -- Detecting CXX compiler ABI info - done
[0.319s] -- Check for working CXX compiler: /usr/bin/c++ - skipped
[0.319s] -- Detecting CXX compile features
[0.320s] -- Detecting CXX compile features - done
[0.323s] -- Found ament_cmake: 1.3.5 (/opt/ros/humble/share/ament_cmake/cmake)
[0.510s] -- Found Python3: /usr/bin/python3.10 (found version "3.10.6") found components: Interpreter 
[0.613s] -- Found rclcpp: 16.0.4 (/opt/ros/humble/share/rclcpp/cmake)
[0.670s] -- Found rosidl_generator_c: 3.1.4 (/opt/ros/humble/share/rosidl_generator_c/cmake)
[0.676s] -- Found rosidl_adapter: 3.1.4 (/opt/ros/humble/share/rosidl_adapter/cmake)
[0.686s] -- Found rosidl_generator_cpp: 3.1.4 (/opt/ros/humble/share/rosidl_generator_cpp/cmake)
[0.703s] -- Using all available rosidl_typesupport_c: rosidl_typesupport_fastrtps_c;rosidl_typesupport_introspection_c
[0.727s] -- Using all available rosidl_typesupport_cpp: rosidl_typesupport_fastrtps_cpp;rosidl_typesupport_introspection_cpp
[0.814s] -- Found rmw_implementation_cmake: 6.1.1 (/opt/ros/humble/share/rmw_implementation_cmake/cmake)
[0.817s] -- Found rmw_fastrtps_cpp: 6.2.2 (/opt/ros/humble/share/rmw_fastrtps_cpp/cmake)
[0.926s] -- Found OpenSSL: /usr/lib/x86_64-linux-gnu/libcrypto.so (found version "3.0.2")  
[0.959s] -- Found FastRTPS: /opt/ros/humble/include  
[1.012s] -- Using RMW implementation 'rmw_fastrtps_cpp' as default
[1.023s] -- Looking for pthread.h
[1.100s] -- Looking for pthread.h - found
[1.100s] -- Performing Test CMAKE_HAVE_LIBC_PTHREAD
[1.177s] -- Performing Test CMAKE_HAVE_LIBC_PTHREAD - Success
[1.178s] -- Found Threads: TRUE  
[1.380s] -- Found sensor_msgs: 4.2.3 (/opt/ros/humble/share/sensor_msgs/cmake)
[1.545s] -- Found tf2_ros: 0.25.2 (/opt/ros/humble/share/tf2_ros/cmake)
[1.985s] -- Found pcl_ros: 2.4.0 (/opt/ros/humble/share/pcl_ros/cmake)
[2.415s] -- Found eigen3_cmake_module: 0.1.1 (/opt/ros/humble/share/eigen3_cmake_module/cmake)
[2.417s] -- Found Eigen3: TRUE (found version "3.4.0") 
[2.417s] -- Ensuring Eigen3 include directory is part of orocos-kdl CMake target
[2.471s] -- Checking for module 'eigen3'
[2.493s] --   Found eigen3, version 3.4.0
[2.527s] -- Found Eigen: /usr/include/eigen3 (Required is at least version "3.1") 
[2.527s] -- Eigen found (include: /usr/include/eigen3, version: 3.4.0)
[2.575s] -- Checking for module 'flann'
[2.594s] --   Found flann, version 1.9.1
[2.646s] -- Found FLANN: /usr/lib/x86_64-linux-gnu/libflann_cpp.so  
[2.646s] -- FLANN found (include: /usr/include, lib: /usr/lib/x86_64-linux-gnu/libflann_cpp.so)
[4.567s] -- Checking for module 'libusb-1.0'
[4.582s] --   Found libusb-1.0, version 1.0.25
[4.618s] -- Found libusb: /usr/lib/x86_64-linux-gnu/libusb-1.0.so  
[4.620s] -- OpenNI found (version: 1.5.4.0, include: /usr/include/ni, lib: /usr/lib/libOpenNI.so;libusb::libusb)
[4.685s] -- OpenNI2 found (version: 2.2.0.33, include: /usr/include/openni2, lib: /usr/lib/x86_64-linux-gnu/libOpenNI2.so;libusb::libusb)
[4.867s] -- Eigen found (include: /usr/include/eigen3, version: 3.4.0)
[4.874s] -- OpenNI found (version: 1.5.4.0, include: /usr/include/ni, lib: /usr/lib/libOpenNI.so;libusb::libusb)
[4.880s] -- OpenNI2 found (version: 2.2.0.33, include: /usr/include/openni2, lib: /usr/lib/x86_64-linux-gnu/libOpenNI2.so;libusb::libusb)
[5.060s] -- Found Qhull version 8.0.2
[5.237s] -- OpenNI found (version: 1.5.4.0, include: /usr/include/ni, lib: /usr/lib/libOpenNI.so;libusb::libusb)
[5.412s] -- Found PCL_COMMON: /usr/lib/x86_64-linux-gnu/libpcl_common.so  
[5.413s] -- Found PCL_KDTREE: /usr/lib/x86_64-linux-gnu/libpcl_kdtree.so  
[5.414s] -- Found PCL_OCTREE: /usr/lib/x86_64-linux-gnu/libpcl_octree.so  
[5.415s] -- Found PCL_SEARCH: /usr/lib/x86_64-linux-gnu/libpcl_search.so  
[5.416s] -- Found PCL_SAMPLE_CONSENSUS: /usr/lib/x86_64-linux-gnu/libpcl_sample_consensus.so  
[5.417s] -- Found PCL_FILTERS: /usr/lib/x86_64-linux-gnu/libpcl_filters.so  
[5.417s] -- Found PCL_2D: /usr/include/pcl-1.12  
[5.418s] -- Found PCL_GEOMETRY: /usr/include/pcl-1.12  
[5.419s] -- Found PCL_IO: /usr/lib/x86_64-linux-gnu/libpcl_io.so  
[5.420s] -- Found PCL_FEATURES: /usr/lib/x86_64-linux-gnu/libpcl_features.so  
[5.421s] -- Found PCL_ML: /usr/lib/x86_64-linux-gnu/libpcl_ml.so  
[5.422s] -- Found PCL_SEGMENTATION: /usr/lib/x86_64-linux-gnu/libpcl_segmentation.so  
[5.423s] -- Found PCL_VISUALIZATION: /usr/lib/x86_64-linux-gnu/libpcl_visualization.so  
[5.424s] -- Found PCL_SURFACE: /usr/lib/x86_64-linux-gnu/libpcl_surface.so  
[5.426s] -- Found PCL_REGISTRATION: /usr/lib/x86_64-linux-gnu/libpcl_registration.so  
[5.427s] -- Found PCL_KEYPOINTS: /usr/lib/x86_64-linux-gnu/libpcl_keypoints.so  
[5.428s] -- Found PCL_TRACKING: /usr/lib/x86_64-linux-gnu/libpcl_tracking.so  
[5.429s] -- Found PCL_RECOGNITION: /usr/lib/x86_64-linux-gnu/libpcl_recognition.so  
[5.430s] -- Found PCL_STEREO: /usr/lib/x86_64-linux-gnu/libpcl_stereo.so  
[5.431s] -- Found PCL_APPS: /usr/lib/x86_64-linux-gnu/libpcl_apps.so  
[5.432s] -- Found PCL_IN_HAND_SCANNER: /usr/include/pcl-1.12  
[5.432s] -- Found PCL_MODELER: /usr/include/pcl-1.12  
[5.433s] -- Found PCL_POINT_CLOUD_EDITOR: /usr/include/pcl-1.12  
[5.434s] -- Found PCL_OUTOFCORE: /usr/lib/x86_64-linux-gnu/libpcl_outofcore.so  
[5.436s] -- Found PCL_PEOPLE: /usr/lib/x86_64-linux-gnu/libpcl_people.so  
[5.455s] -- Found tf2_eigen: 0.25.2 (/opt/ros/humble/share/tf2_eigen/cmake)
[5.460s] [33mCMake Warning (dev) at CMakeLists.txt:27 (find_package):
[5.460s]   Policy CMP0074 is not set: find_package uses <PackageName>_ROOT variables.
[5.460s]   Run "cmake --help-policy CMP0074" for policy details.  Use the cmake_policy
[5.460s]   command to set the policy and suppress this warning.
[5.460s] 
[5.460s]   CMake variable PCL_ROOT is set to:
[5.460s] 
[5.460s]     /usr
[5.461s] 
[5.461s]   For compatibility, CMake is ignoring the variable.
[5.461s] This warning is for project developers.  Use -Wno-dev to suppress it.
[5.461s] [0m
[5.549s] -- Found ament_lint_auto: 0.12.6 (/opt/ros/humble/share/ament_lint_auto/cmake)
[5.622s] -- Configuring done
[5.812s] -- Generating done
[5.815s] -- Build files have been written to: /home/ubuntu/perception_ws/build/lesson_perception
[5.839s] Invoked command in '/home/ubuntu/perception_ws/build/lesson_perception' returned '0': CMAKE_PREFIX_PATH=${CMAKE_PREFIX_PATH}:/opt/ros/humble /usr/bin/cmake /home/ubuntu/perception_ws/src/lesson_perception -DCMAKE_INSTALL_PREFIX=/home/ubuntu/perception_ws/install/lesson_perception
[5.845s] Invoking command in '/home/ubuntu/perception_ws/build/lesson_perception': CMAKE_PREFIX_PATH=${CMAKE_PREFIX_PATH}:/opt/ros/humble /usr/bin/cmake --build /home/ubuntu/perception_ws/build/lesson_perception -- -j4 -l4
[5.897s] [ 25%] [32mBuilding CXX object CMakeFiles/perception_node.dir/src/perception_node.cpp.o[0m
[5.898s] [ 50%] [32mBuilding CXX object CMakeFiles/pcd_to_pointcloud.dir/src/pcd_to_pointcloud.cpp.o[0m
[15.062s] [ 75%] [32m[1mLinking CXX executable pcd_to_pointcloud[0m
[16.591s] [ 75%] Built target pcd_to_pointcloud
[23.687s] [100%] [32m[1mLinking CXX executable perception_node[0m
[24.579s] [100%] Built target perception_node
[24.591s] Invoked command in '/home/ubuntu/perception_ws/build/lesson_perception' returned '0': CMAKE_PREFIX_PATH=${CMAKE_PREFIX_PATH}:/opt/ros/humble /usr/bin/cmake --build /home/ubuntu/perception_ws/build/lesson_perception -- -j4 -l4
[24.631s] Invoking command in '/home/ubuntu/perception_ws/build/lesson_perception': CMAKE_PREFIX_PATH=${CMAKE_PREFIX_PATH}:/opt/ros/humble /usr/bin/cmake --install /home/ubuntu/perception_ws/build/lesson_perception
[24.639s] -- Install configuration: ""
[24.639s] -- Installing: /home/ubuntu/perception_ws/install/lesson_perception/lib/lesson_perception/perception_node
[24.644s] -- Set runtime path of "/home/ubuntu/perception_ws/install/lesson_perception/lib/lesson_perception/perception_node" to ""
[24.644s] -- Installing: /home/ubuntu/perception_ws/install/lesson_perception/lib/lesson_perception/pcd_to_pointcloud
[24.645s] -- Set runtime path of "/home/ubuntu/perception_ws/install/lesson_perception/lib/lesson_perception/pcd_to_pointcloud" to ""
[24.646s] -- Installing: /home/ubuntu/perception_ws/install/lesson_perception/share/lesson_perception/launch
[24.646s] -- Installing: /home/ubuntu/perception_ws/install/lesson_perception/share/lesson_perception/launch/processing_node.launch.py
[24.646s] -- Installing: /home/ubuntu/perception_ws/install/lesson_perception/share/ament_index/resource_index/package_run_dependencies/lesson_perception
[24.646s] -- Installing: /home/ubuntu/perception_ws/install/lesson_perception/share/ament_index/resource_index/parent_prefix_path/lesson_perception
[24.646s] -- Installing: /home/ubuntu/perception_ws/install/lesson_perception/share/lesson_perception/environment/ament_prefix_path.sh
[24.646s] -- Installing: /home/ubuntu/perception_ws/install/lesson_perception/share/lesson_perception/environment/ament_prefix_path.dsv
[24.646s] -- Installing: /home/ubuntu/perception_ws/install/lesson_perception/share/lesson_perception/environment/path.sh
[24.646s] -- Installing: /home/ubuntu/perception_ws/install/lesson_perception/share/lesson_perception/environment/path.dsv
[24.647s] -- Installing: /home/ubuntu/perception_ws/install/lesson_perception/share/lesson_perception/local_setup.bash
[24.647s] -- Installing: /home/ubuntu/perception_ws/install/lesson_perception/share/lesson_perception/local_setup.sh
[24.647s] -- Installing: /home/ubuntu/perception_ws/install/lesson_perception/share/lesson_perception/local_setup.zsh
[24.647s] -- Installing: /home/ubuntu/perception_ws/install/lesson_perception/share/lesson_perception/local_setup.dsv
[24.647s] -- Installing: /home/ubuntu/perception_ws/install/lesson_perception/share/lesson_perception/package.dsv
[24.647s] -- Installing: /home/ubuntu/perception_ws/install/lesson_perception/share/ament_index/resource_index/packages/lesson_perception
[24.647s] -- Installing: /home/ubuntu/perception_ws/install/lesson_perception/share/lesson_perception/cmake/lesson_perceptionConfig.cmake
[24.647s] -- Installing: /home/ubuntu/perception_ws/install/lesson_perception/share/lesson_perception/cmake/lesson_perceptionConfig-version.cmake
[24.648s] -- Installing: /home/ubuntu/perception_ws/install/lesson_perception/share/lesson_perception/package.xml
[24.649s] Invoked command in '/home/ubuntu/perception_ws/build/lesson_perception' returned '0': CMAKE_PREFIX_PATH=${CMAKE_PREFIX_PATH}:/opt/ros/humble /usr/bin/cmake --install /home/ubuntu/perception_ws/build/lesson_perception
